Error: Unable to access jarfile ssmjavapos-0.1.2.jar
Error: Unable to access jarfile ssmjavapos-0.1.2.jar
Error: Unable to access jarfile ssmjavapos-0.1.2.jar
Error: Unable to access jarfile ssmjavapos-0.1.2.jar
Error: Unable to access jarfile ssmjavapos-0.1.2.jar
Error: Unable to access jarfile ssmjavapos-0.1.2.jar
Error: Unable to access jarfile ssmjavapos-0.1.2.jar
Error: Unable to access jarfile ssmjavapos-0.1.2.jar
Error: Unable to access jarfile ssmjavapos-0.1.2.jar
Error: Unable to access jarfile ssmjavapos-0.1.2.jar
Error: Unable to access jarfile /Users/elia/Desktop/smartstock-printer/target/ssmjavapos-0.1.2.jar
Error: Unable to access jarfile /Users/elia/Desktop/smartstock-printer/target/ssmjavapos-0.1.2.jar
Error: Unable to access jarfile /Users/elia/Desktop/smartstock-printer/target/ssmjavapos-0.1.2.jar
Error: Unable to access jarfile /Users/elia/Desktop/smartstock-printer/target/ssmjavapos-0.1.2.jar
Error: Unable to access jarfile /Users/elia/Desktop/smartstock-printer/target/ssmjavapos-0.1.2.jar
Error: Unable to access jarfile /Users/elia/Desktop/smartstock-printer/target/ssmjavapos-0.1.2.jar
Error: Unable to access jarfile /Users/elia/Desktop/smartstock-printer/target/ssmjavapos-0.1.2.jar
Error: Unable to access jarfile /Users/elia/Desktop/smartstock-printer/target/ssmjavapos-0.1.2.jar
Error: Unable to access jarfile /Users/elia/Desktop/smartstock-printer/target/ssmjavapos-0.1.2.jar
Error: Unable to access jarfile /Users/elia/Desktop/smartstock-printer/target/ssmjavapos-0.1.2.jar
Error: Unable to access jarfile /Users/elia/Desktop/smartstock-printer/target/ssmjavapos-0.1.2.jar
Error: Unable to access jarfile /Users/elia/Desktop/smartstock-printer/target/ssmjavapos-0.1.2.jar
Error: Unable to access jarfile /Users/elia/Desktop/smartstock-printer/target/ssmjavapos-0.1.2.jar
Error: Unable to access jarfile /Users/elia/Desktop/smartstock-printer/target/ssmjavapos-0.1.2.jar
Error: Unable to access jarfile /Users/elia/Desktop/smartstock-printer/target/ssmjavapos-0.1.2.jar
Error: Unable to access jarfile ssmjavapos-0.1.2.jar
Error: Unable to access jarfile ssmjavapos-0.1.2.jar
Error: Unable to access jarfile ssmjavapos-0.1.2.jar
Error: Unable to access jarfile ssmjavapos-0.1.2.jar
Error: Unable to access jarfile ssmjavapos-0.1.2.jar
Error: Unable to access jarfile /Users/elia/Desktop/smartstock-printer/target/ssmjavapos-0.1.2.jar
Error: Unable to access jarfile /Users/elia/Desktop/smartstock-printer/target/ssmjavapos-0.1.2.jar
Error: Unable to access jarfile /Users/elia/Desktop/smartstock-printer/target/ssmjavapos-0.1.2.jar
Error: Unable to access jarfile /Users/elia/Desktop/smartstock-printer/target/ssmjavapos-0.1.2.jar
Error: Unable to access jarfile /Users/elia/Desktop/smartstock-printer/target/ssmjavapos-0.1.2.jar
Error: Unable to access jarfile "/Users/elia/Desktop/smartstock-printer/target/ssmjavapos-0.1.2.jar"
Error: Unable to access jarfile "/Users/elia/Desktop/smartstock-printer/target/ssmjavapos-0.1.2.jar"
Error: Unable to access jarfile "/Users/elia/Desktop/smartstock-printer/target/ssmjavapos-0.1.2.jar"
Error: Unable to access jarfile "/Users/elia/Desktop/smartstock-printer/target/ssmjavapos-0.1.2.jar"
Error: Unable to access jarfile /Users/elia/Desktop/smartstock-printer/target/ssmjavapos-0.1.2.jar
Error: Unable to access jarfile /Users/elia/Desktop/smartstock-printer/target/ssmjavapos-0.1.2.jar
Error: Unable to access jarfile /Users/elia/Desktop/smartstock-printer/target/ssmjavapos-0.1.2.jar
Error: Unable to access jarfile /Users/elia/Desktop/smartstock-printer/target/ssmjavapos-0.1.2.jar
Error: Unable to access jarfile /Users/elia/Desktop/smartstock-printer/target/ssmjavapos-0.1.2.jar
Error: Unable to access jarfile /Users/elia/Desktop/smartstock-printer/target/ssmjavapos-0.1.2.jar
Error: Unable to access jarfile /Users/elia/Desktop/smartstock-printer/target/ssmjavapos-0.1.2.jar
Error: Unable to access jarfile /Users/elia/Desktop/smartstock-printer/target/ssmjavapos-0.1.2.jar
Error: Unable to access jarfile /Users/elia/Desktop/smartstock-printer/target/ssmjavapos-0.1.2.jar
java.lang.NullPointerException
	at com.fahamutech.ssmjpos.service.MyPrinterService.printString(MyPrinterService.java:62)
	at com.fahamutech.ssmjpos.rest.PrintServiceRest.print(PrintServiceRest.java:37)
	at java.base/jdk.internal.reflect.NativeMethodAccessorImpl.invoke0(Native Method)
	at java.base/jdk.internal.reflect.NativeMethodAccessorImpl.invoke(NativeMethodAccessorImpl.java:62)
	at java.base/jdk.internal.reflect.DelegatingMethodAccessorImpl.invoke(DelegatingMethodAccessorImpl.java:43)
	at java.base/java.lang.reflect.Method.invoke(Method.java:564)
	at org.springframework.web.method.support.InvocableHandlerMethod.doInvoke(InvocableHandlerMethod.java:189)
	at org.springframework.web.method.support.InvocableHandlerMethod.invokeForRequest(InvocableHandlerMethod.java:138)
	at org.springframework.web.servlet.mvc.method.annotation.ServletInvocableHandlerMethod.invokeAndHandle(ServletInvocableHandlerMethod.java:102)
	at org.springframework.web.servlet.mvc.method.annotation.RequestMappingHandlerAdapter.invokeHandlerMethod(RequestMappingHandlerAdapter.java:895)
	at org.springframework.web.servlet.mvc.method.annotation.RequestMappingHandlerAdapter.handleInternal(RequestMappingHandlerAdapter.java:800)
	at org.springframework.web.servlet.mvc.method.AbstractHandlerMethodAdapter.handle(AbstractHandlerMethodAdapter.java:87)
	at org.springframework.web.servlet.DispatcherServlet.doDispatch(DispatcherServlet.java:1038)
	at org.springframework.web.servlet.DispatcherServlet.doService(DispatcherServlet.java:942)
	at org.springframework.web.servlet.FrameworkServlet.processRequest(FrameworkServlet.java:1005)
	at org.springframework.web.servlet.FrameworkServlet.doPost(FrameworkServlet.java:908)
	at javax.servlet.http.HttpServlet.service(HttpServlet.java:660)
	at org.springframework.web.servlet.FrameworkServlet.service(FrameworkServlet.java:882)
	at javax.servlet.http.HttpServlet.service(HttpServlet.java:741)
	at org.apache.catalina.core.ApplicationFilterChain.internalDoFilter(ApplicationFilterChain.java:231)
	at org.apache.catalina.core.ApplicationFilterChain.doFilter(ApplicationFilterChain.java:166)
	at org.apache.tomcat.websocket.server.WsFilter.doFilter(WsFilter.java:53)
	at org.apache.catalina.core.ApplicationFilterChain.internalDoFilter(ApplicationFilterChain.java:193)
	at org.apache.catalina.core.ApplicationFilterChain.doFilter(ApplicationFilterChain.java:166)
	at org.springframework.web.filter.RequestContextFilter.doFilterInternal(RequestContextFilter.java:99)
	at org.springframework.web.filter.OncePerRequestFilter.doFilter(OncePerRequestFilter.java:107)
	at org.apache.catalina.core.ApplicationFilterChain.internalDoFilter(ApplicationFilterChain.java:193)
	at org.apache.catalina.core.ApplicationFilterChain.doFilter(ApplicationFilterChain.java:166)
	at org.springframework.web.filter.FormContentFilter.doFilterInternal(FormContentFilter.java:92)
	at org.springframework.web.filter.OncePerRequestFilter.doFilter(OncePerRequestFilter.java:107)
	at org.apache.catalina.core.ApplicationFilterChain.internalDoFilter(ApplicationFilterChain.java:193)
	at org.apache.catalina.core.ApplicationFilterChain.doFilter(ApplicationFilterChain.java:166)
	at org.springframework.web.filter.HiddenHttpMethodFilter.doFilterInternal(HiddenHttpMethodFilter.java:93)
	at org.springframework.web.filter.OncePerRequestFilter.doFilter(OncePerRequestFilter.java:107)
	at org.apache.catalina.core.ApplicationFilterChain.internalDoFilter(ApplicationFilterChain.java:193)
	at org.apache.catalina.core.ApplicationFilterChain.doFilter(ApplicationFilterChain.java:166)
	at org.springframework.web.filter.CharacterEncodingFilter.doFilterInternal(CharacterEncodingFilter.java:200)
	at org.springframework.web.filter.OncePerRequestFilter.doFilter(OncePerRequestFilter.java:107)
	at org.apache.catalina.core.ApplicationFilterChain.internalDoFilter(ApplicationFilterChain.java:193)
	at org.apache.catalina.core.ApplicationFilterChain.doFilter(ApplicationFilterChain.java:166)
	at org.apache.catalina.core.StandardWrapperValve.invoke(StandardWrapperValve.java:199)
	at org.apache.catalina.core.StandardContextValve.invoke(StandardContextValve.java:96)
	at org.apache.catalina.authenticator.AuthenticatorBase.invoke(AuthenticatorBase.java:490)
	at org.apache.catalina.core.StandardHostValve.invoke(StandardHostValve.java:139)
	at org.apache.catalina.valves.ErrorReportValve.invoke(ErrorReportValve.java:92)
	at org.apache.catalina.core.StandardEngineValve.invoke(StandardEngineValve.java:74)
	at org.apache.catalina.connector.CoyoteAdapter.service(CoyoteAdapter.java:343)
	at org.apache.coyote.http11.Http11Processor.service(Http11Processor.java:408)
	at org.apache.coyote.AbstractProcessorLight.process(AbstractProcessorLight.java:66)
	at org.apache.coyote.AbstractProtocol$ConnectionHandler.process(AbstractProtocol.java:791)
	at org.apache.tomcat.util.net.NioEndpoint$SocketProcessor.doRun(NioEndpoint.java:1417)
	at org.apache.tomcat.util.net.SocketProcessorBase.run(SocketProcessorBase.java:49)
	at java.base/java.util.concurrent.ThreadPoolExecutor.runWorker(ThreadPoolExecutor.java:1167)
	at java.base/java.util.concurrent.ThreadPoolExecutor$Worker.run(ThreadPoolExecutor.java:641)
	at org.apache.tomcat.util.threads.TaskThread$WrappingRunnable.run(TaskThread.java:61)
	at java.base/java.lang.Thread.run(Thread.java:844)
WARNING: An illegal reflective access operation has occurred
WARNING: Illegal reflective access by org.apache.catalina.loader.WebappClassLoaderBase (jar:file:/Users/Shared/ssmjavapos-0.1.2.jar!/BOOT-INF/lib/tomcat-embed-core-9.0.13.jar!/) to field java.io.ObjectStreamClass$Caches.localDescs
WARNING: Please consider reporting this to the maintainers of org.apache.catalina.loader.WebappClassLoaderBase
WARNING: Use --illegal-access=warn to enable warnings of further illegal reflective access operations
WARNING: All illegal access operations will be denied in a future release
